{"C:\\Users\\48690\\OneDrive\\Pulpit\\test\\back\\jest.config.js": {"path":"C:\\Users\\48690\\OneDrive\\Pulpit\\test\\back\\jest.config.js","statementMap":{"0":{"start":{"line":1,"column":0},"end":{"line":7,"column":4}}},"fnMap":{},"branchMap":{},"s":{"0":0},"f":{},"b":{}}
,"C:\\Users\\48690\\OneDrive\\Pulpit\\test\\back\\server.js": {"path":"C:\\Users\\48690\\OneDrive\\Pulpit\\test\\back\\server.js","statementMap":{"0":{"start":{"line":2,"column":16},"end":{"line":2,"column":34}},"1":{"start":{"line":3,"column":25},"end":{"line":3,"column":50}},"2":{"start":{"line":4,"column":12},"end":{"line":4,"column":35}},"3":{"start":{"line":5,"column":21},"end":{"line":5,"column":45}},"4":{"start":{"line":6,"column":13},"end":{"line":6,"column":28}},"5":{"start":{"line":7,"column":15},"end":{"line":7,"column":32}},"6":{"start":{"line":8,"column":15},"end":{"line":8,"column":32}},"7":{"start":{"line":9,"column":15},"end":{"line":9,"column":32}},"8":{"start":{"line":10,"column":18},"end":{"line":10,"column":47}},"9":{"start":{"line":11,"column":15},"end":{"line":11,"column":32}},"10":{"start":{"line":12,"column":15},"end":{"line":12,"column":32}},"11":{"start":{"line":13,"column":0},"end":{"line":13,"column":27}},"12":{"start":{"line":15,"column":12},"end":{"line":15,"column":21}},"13":{"start":{"line":16,"column":13},"end":{"line":16,"column":37}},"14":{"start":{"line":18,"column":19},"end":{"line":18,"column":41}},"15":{"start":{"line":20,"column":19},"end":{"line":20,"column":32}},"16":{"start":{"line":23,"column":0},"end":{"line":27,"column":4}},"17":{"start":{"line":29,"column":0},"end":{"line":29,"column":18}},"18":{"start":{"line":30,"column":0},"end":{"line":30,"column":42}},"19":{"start":{"line":31,"column":0},"end":{"line":31,"column":24}},"20":{"start":{"line":34,"column":19},"end":{"line":38,"column":2}},"21":{"start":{"line":39,"column":0},"end":{"line":39,"column":29}},"22":{"start":{"line":42,"column":19},"end":{"line":46,"column":2}},"23":{"start":{"line":49,"column":15},"end":{"line":55,"column":2}},"24":{"start":{"line":58,"column":21},"end":{"line":58,"column":82}},"25":{"start":{"line":61,"column":16},"end":{"line":61,"column":38}},"26":{"start":{"line":62,"column":15},"end":{"line":77,"column":2}},"27":{"start":{"line":70,"column":25},"end":{"line":70,"column":93}},"28":{"start":{"line":71,"column":4},"end":{"line":75,"column":5}},"29":{"start":{"line":72,"column":6},"end":{"line":72,"column":21}},"30":{"start":{"line":74,"column":6},"end":{"line":74,"column":89}},"31":{"start":{"line":80,"column":22},"end":{"line":83,"column":1}},"32":{"start":{"line":81,"column":21},"end":{"line":81,"column":36}},"33":{"start":{"line":82,"column":2},"end":{"line":82,"column":32}},"34":{"start":{"line":85,"column":24},"end":{"line":99,"column":1}},"35":{"start":{"line":86,"column":2},"end":{"line":91,"column":3}},"36":{"start":{"line":87,"column":4},"end":{"line":90,"column":5}},"37":{"start":{"line":88,"column":6},"end":{"line":88,"column":62}},"38":{"start":{"line":89,"column":6},"end":{"line":89,"column":19}},"39":{"start":{"line":93,"column":2},"end":{"line":96,"column":3}},"40":{"start":{"line":94,"column":4},"end":{"line":94,"column":67}},"41":{"start":{"line":95,"column":4},"end":{"line":95,"column":17}},"42":{"start":{"line":98,"column":2},"end":{"line":98,"column":14}},"43":{"start":{"line":102,"column":0},"end":{"line":104,"column":3}},"44":{"start":{"line":103,"column":2},"end":{"line":103,"column":49}},"45":{"start":{"line":106,"column":0},"end":{"line":118,"column":3}},"46":{"start":{"line":107,"column":18},"end":{"line":107,"column":42}},"47":{"start":{"line":108,"column":16},"end":{"line":108,"column":66}},"48":{"start":{"line":111,"column":2},"end":{"line":116,"column":5}},"49":{"start":{"line":117,"column":2},"end":{"line":117,"column":73}},"50":{"start":{"line":121,"column":20},"end":{"line":135,"column":1}},"51":{"start":{"line":122,"column":16},"end":{"line":122,"column":38}},"52":{"start":{"line":124,"column":2},"end":{"line":126,"column":3}},"53":{"start":{"line":125,"column":4},"end":{"line":125,"column":62}},"54":{"start":{"line":128,"column":2},"end":{"line":134,"column":5}},"55":{"start":{"line":129,"column":4},"end":{"line":131,"column":5}},"56":{"start":{"line":130,"column":6},"end":{"line":130,"column":65}},"57":{"start":{"line":132,"column":4},"end":{"line":132,"column":23}},"58":{"start":{"line":133,"column":4},"end":{"line":133,"column":11}},"59":{"start":{"line":138,"column":0},"end":{"line":140,"column":3}},"60":{"start":{"line":139,"column":2},"end":{"line":139,"column":58}},"61":{"start":{"line":142,"column":0},"end":{"line":198,"column":3}},"62":{"start":{"line":143,"column":2},"end":{"line":197,"column":3}},"63":{"start":{"line":144,"column":4},"end":{"line":144,"column":54}},"64":{"start":{"line":144,"column":47},"end":{"line":144,"column":54}},"65":{"start":{"line":147,"column":16},"end":{"line":147,"column":66}},"66":{"start":{"line":150,"column":26},"end":{"line":150,"column":67}},"67":{"start":{"line":151,"column":24},"end":{"line":151,"column":84}},"68":{"start":{"line":153,"column":4},"end":{"line":155,"column":5}},"69":{"start":{"line":154,"column":6},"end":{"line":154,"column":43}},"70":{"start":{"line":158,"column":16},"end":{"line":162,"column":5}},"71":{"start":{"line":165,"column":19},"end":{"line":165,"column":43}},"72":{"start":{"line":168,"column":23},"end":{"line":168,"column":81}},"73":{"start":{"line":170,"column":4},"end":{"line":172,"column":5}},"74":{"start":{"line":171,"column":6},"end":{"line":171,"column":46}},"75":{"start":{"line":175,"column":4},"end":{"line":179,"column":7}},"76":{"start":{"line":182,"column":4},"end":{"line":192,"column":19}},"77":{"start":{"line":183,"column":6},"end":{"line":191,"column":7}},"78":{"start":{"line":184,"column":28},"end":{"line":184,"column":90}},"79":{"start":{"line":185,"column":8},"end":{"line":188,"column":9}},"80":{"start":{"line":186,"column":10},"end":{"line":186,"column":42}},"81":{"start":{"line":187,"column":10},"end":{"line":187,"column":72}},"82":{"start":{"line":190,"column":8},"end":{"line":190,"column":62}},"83":{"start":{"line":194,"column":4},"end":{"line":194,"column":86}},"84":{"start":{"line":196,"column":4},"end":{"line":196,"column":16}},"85":{"start":{"line":200,"column":0},"end":{"line":233,"column":3}},"86":{"start":{"line":201,"column":2},"end":{"line":232,"column":3}},"87":{"start":{"line":202,"column":4},"end":{"line":202,"column":61}},"88":{"start":{"line":202,"column":54},"end":{"line":202,"column":61}},"89":{"start":{"line":204,"column":27},"end":{"line":204,"column":35}},"90":{"start":{"line":207,"column":18},"end":{"line":207,"column":59}},"91":{"start":{"line":208,"column":22},"end":{"line":208,"column":58}},"92":{"start":{"line":211,"column":4},"end":{"line":213,"column":5}},"93":{"start":{"line":212,"column":6},"end":{"line":212,"column":60}},"94":{"start":{"line":216,"column":4},"end":{"line":216,"column":39}},"95":{"start":{"line":219,"column":18},"end":{"line":219,"column":70}},"96":{"start":{"line":222,"column":4},"end":{"line":227,"column":7}},"97":{"start":{"line":229,"column":4},"end":{"line":229,"column":70}},"98":{"start":{"line":231,"column":4},"end":{"line":231,"column":16}},"99":{"start":{"line":235,"column":0},"end":{"line":279,"column":3}},"100":{"start":{"line":236,"column":2},"end":{"line":278,"column":3}},"101":{"start":{"line":238,"column":22},"end":{"line":238,"column":30}},"102":{"start":{"line":241,"column":4},"end":{"line":243,"column":5}},"103":{"start":{"line":242,"column":6},"end":{"line":242,"column":65}},"104":{"start":{"line":246,"column":24},"end":{"line":253,"column":6}},"105":{"start":{"line":247,"column":20},"end":{"line":247,"column":100}},"106":{"start":{"line":248,"column":6},"end":{"line":252,"column":8}},"107":{"start":{"line":255,"column":26},"end":{"line":255,"column":56}},"108":{"start":{"line":258,"column":16},"end":{"line":264,"column":5}},"109":{"start":{"line":266,"column":19},"end":{"line":266,"column":43}},"110":{"start":{"line":269,"column":4},"end":{"line":273,"column":7}},"111":{"start":{"line":275,"column":4},"end":{"line":275,"column":82}},"112":{"start":{"line":277,"column":4},"end":{"line":277,"column":16}},"113":{"start":{"line":283,"column":0},"end":{"line":326,"column":3}},"114":{"start":{"line":284,"column":2},"end":{"line":325,"column":3}},"115":{"start":{"line":286,"column":22},"end":{"line":286,"column":30}},"116":{"start":{"line":289,"column":4},"end":{"line":291,"column":5}},"117":{"start":{"line":290,"column":6},"end":{"line":290,"column":65}},"118":{"start":{"line":293,"column":4},"end":{"line":295,"column":5}},"119":{"start":{"line":294,"column":6},"end":{"line":294,"column":65}},"120":{"start":{"line":298,"column":4},"end":{"line":302,"column":5}},"121":{"start":{"line":299,"column":6},"end":{"line":299,"column":29}},"122":{"start":{"line":301,"column":6},"end":{"line":301,"column":67}},"123":{"start":{"line":305,"column":16},"end":{"line":311,"column":5}},"124":{"start":{"line":313,"column":19},"end":{"line":313,"column":43}},"125":{"start":{"line":316,"column":4},"end":{"line":320,"column":7}},"126":{"start":{"line":322,"column":4},"end":{"line":322,"column":79}},"127":{"start":{"line":324,"column":4},"end":{"line":324,"column":16}},"128":{"start":{"line":329,"column":0},"end":{"line":337,"column":3}},"129":{"start":{"line":330,"column":2},"end":{"line":330,"column":20}},"130":{"start":{"line":332,"column":2},"end":{"line":334,"column":3}},"131":{"start":{"line":333,"column":4},"end":{"line":333,"column":74}},"132":{"start":{"line":336,"column":2},"end":{"line":336,"column":59}},"133":{"start":{"line":339,"column":0},"end":{"line":341,"column":3}},"134":{"start":{"line":340,"column":2},"end":{"line":340,"column":60}},"135":{"start":{"line":345,"column":0},"end":{"line":351,"column":3}},"136":{"start":{"line":346,"column":2},"end":{"line":346,"column":62}},"137":{"start":{"line":347,"column":2},"end":{"line":350,"column":5}},"138":{"start":{"line":348,"column":4},"end":{"line":348,"column":38}},"139":{"start":{"line":353,"column":0},"end":{"line":353,"column":21}}},"fnMap":{"0":{"name":"(anonymous_0)","decl":{"start":{"line":68,"column":14},"end":{"line":68,"column":15}},"loc":{"start":{"line":68,"column":33},"end":{"line":76,"column":3}},"line":68},"1":{"name":"(anonymous_1)","decl":{"start":{"line":80,"column":22},"end":{"line":80,"column":23}},"loc":{"start":{"line":80,"column":33},"end":{"line":83,"column":1}},"line":80},"2":{"name":"(anonymous_2)","decl":{"start":{"line":85,"column":24},"end":{"line":85,"column":25}},"loc":{"start":{"line":85,"column":54},"end":{"line":99,"column":1}},"line":85},"3":{"name":"(anonymous_3)","decl":{"start":{"line":102,"column":21},"end":{"line":102,"column":22}},"loc":{"start":{"line":102,"column":35},"end":{"line":104,"column":1}},"line":102},"4":{"name":"(anonymous_4)","decl":{"start":{"line":106,"column":28},"end":{"line":106,"column":29}},"loc":{"start":{"line":106,"column":42},"end":{"line":118,"column":1}},"line":106},"5":{"name":"(anonymous_5)","decl":{"start":{"line":121,"column":20},"end":{"line":121,"column":21}},"loc":{"start":{"line":121,"column":40},"end":{"line":135,"column":1}},"line":121},"6":{"name":"(anonymous_6)","decl":{"start":{"line":128,"column":32},"end":{"line":128,"column":33}},"loc":{"start":{"line":128,"column":50},"end":{"line":134,"column":3}},"line":128},"7":{"name":"(anonymous_7)","decl":{"start":{"line":138,"column":37},"end":{"line":138,"column":38}},"loc":{"start":{"line":138,"column":51},"end":{"line":140,"column":1}},"line":138},"8":{"name":"(anonymous_8)","decl":{"start":{"line":142,"column":38},"end":{"line":142,"column":39}},"loc":{"start":{"line":142,"column":64},"end":{"line":198,"column":1}},"line":142},"9":{"name":"(anonymous_9)","decl":{"start":{"line":182,"column":15},"end":{"line":182,"column":16}},"loc":{"start":{"line":182,"column":27},"end":{"line":192,"column":5}},"line":182},"10":{"name":"(anonymous_10)","decl":{"start":{"line":200,"column":42},"end":{"line":200,"column":43}},"loc":{"start":{"line":200,"column":68},"end":{"line":233,"column":1}},"line":200},"11":{"name":"(anonymous_11)","decl":{"start":{"line":235,"column":63},"end":{"line":235,"column":64}},"loc":{"start":{"line":235,"column":89},"end":{"line":279,"column":1}},"line":235},"12":{"name":"(anonymous_12)","decl":{"start":{"line":246,"column":38},"end":{"line":246,"column":39}},"loc":{"start":{"line":246,"column":54},"end":{"line":253,"column":5}},"line":246},"13":{"name":"(anonymous_13)","decl":{"start":{"line":283,"column":36},"end":{"line":283,"column":37}},"loc":{"start":{"line":283,"column":62},"end":{"line":326,"column":1}},"line":283},"14":{"name":"(anonymous_14)","decl":{"start":{"line":329,"column":8},"end":{"line":329,"column":9}},"loc":{"start":{"line":329,"column":33},"end":{"line":337,"column":1}},"line":329},"15":{"name":"(anonymous_15)","decl":{"start":{"line":339,"column":17},"end":{"line":339,"column":18}},"loc":{"start":{"line":339,"column":23},"end":{"line":341,"column":1}},"line":339},"16":{"name":"(anonymous_16)","decl":{"start":{"line":345,"column":22},"end":{"line":345,"column":23}},"loc":{"start":{"line":345,"column":28},"end":{"line":351,"column":1}},"line":345},"17":{"name":"(anonymous_17)","decl":{"start":{"line":347,"column":15},"end":{"line":347,"column":16}},"loc":{"start":{"line":347,"column":21},"end":{"line":350,"column":3}},"line":347}},"branchMap":{"0":{"loc":{"start":{"line":16,"column":13},"end":{"line":16,"column":37}},"type":"binary-expr","locations":[{"start":{"line":16,"column":13},"end":{"line":16,"column":29}},{"start":{"line":16,"column":33},"end":{"line":16,"column":37}}],"line":16},"1":{"loc":{"start":{"line":71,"column":4},"end":{"line":75,"column":5}},"type":"if","locations":[{"start":{"line":71,"column":4},"end":{"line":75,"column":5}},{"start":{"line":73,"column":11},"end":{"line":75,"column":5}}],"line":71},"2":{"loc":{"start":{"line":87,"column":4},"end":{"line":90,"column":5}},"type":"if","locations":[{"start":{"line":87,"column":4},"end":{"line":90,"column":5}},{"start":{},"end":{}}],"line":87},"3":{"loc":{"start":{"line":93,"column":2},"end":{"line":96,"column":3}},"type":"if","locations":[{"start":{"line":93,"column":2},"end":{"line":96,"column":3}},{"start":{},"end":{}}],"line":93},"4":{"loc":{"start":{"line":93,"column":6},"end":{"line":93,"column":54}},"type":"binary-expr","locations":[{"start":{"line":93,"column":6},"end":{"line":93,"column":20}},{"start":{"line":93,"column":24},"end":{"line":93,"column":54}}],"line":93},"5":{"loc":{"start":{"line":124,"column":2},"end":{"line":126,"column":3}},"type":"if","locations":[{"start":{"line":124,"column":2},"end":{"line":126,"column":3}},{"start":{},"end":{}}],"line":124},"6":{"loc":{"start":{"line":129,"column":4},"end":{"line":131,"column":5}},"type":"if","locations":[{"start":{"line":129,"column":4},"end":{"line":131,"column":5}},{"start":{},"end":{}}],"line":129},"7":{"loc":{"start":{"line":144,"column":4},"end":{"line":144,"column":54}},"type":"if","locations":[{"start":{"line":144,"column":4},"end":{"line":144,"column":54}},{"start":{},"end":{}}],"line":144},"8":{"loc":{"start":{"line":153,"column":4},"end":{"line":155,"column":5}},"type":"if","locations":[{"start":{"line":153,"column":4},"end":{"line":155,"column":5}},{"start":{},"end":{}}],"line":153},"9":{"loc":{"start":{"line":170,"column":4},"end":{"line":172,"column":5}},"type":"if","locations":[{"start":{"line":170,"column":4},"end":{"line":172,"column":5}},{"start":{},"end":{}}],"line":170},"10":{"loc":{"start":{"line":185,"column":8},"end":{"line":188,"column":9}},"type":"if","locations":[{"start":{"line":185,"column":8},"end":{"line":188,"column":9}},{"start":{},"end":{}}],"line":185},"11":{"loc":{"start":{"line":202,"column":4},"end":{"line":202,"column":61}},"type":"if","locations":[{"start":{"line":202,"column":4},"end":{"line":202,"column":61}},{"start":{},"end":{}}],"line":202},"12":{"loc":{"start":{"line":211,"column":4},"end":{"line":213,"column":5}},"type":"if","locations":[{"start":{"line":211,"column":4},"end":{"line":213,"column":5}},{"start":{},"end":{}}],"line":211},"13":{"loc":{"start":{"line":211,"column":8},"end":{"line":211,"column":43}},"type":"binary-expr","locations":[{"start":{"line":211,"column":8},"end":{"line":211,"column":18}},{"start":{"line":211,"column":22},"end":{"line":211,"column":43}}],"line":211},"14":{"loc":{"start":{"line":241,"column":4},"end":{"line":243,"column":5}},"type":"if","locations":[{"start":{"line":241,"column":4},"end":{"line":243,"column":5}},{"start":{},"end":{}}],"line":241},"15":{"loc":{"start":{"line":289,"column":4},"end":{"line":291,"column":5}},"type":"if","locations":[{"start":{"line":289,"column":4},"end":{"line":291,"column":5}},{"start":{},"end":{}}],"line":289},"16":{"loc":{"start":{"line":293,"column":4},"end":{"line":295,"column":5}},"type":"if","locations":[{"start":{"line":293,"column":4},"end":{"line":295,"column":5}},{"start":{},"end":{}}],"line":293},"17":{"loc":{"start":{"line":332,"column":2},"end":{"line":334,"column":3}},"type":"if","locations":[{"start":{"line":332,"column":2},"end":{"line":334,"column":3}},{"start":{},"end":{}}],"line":332}},"s":{"0":1,"1":1,"2":1,"3":1,"4":1,"5":1,"6":1,"7":1,"8":1,"9":1,"10":1,"11":1,"12":1,"13":1,"14":1,"15":1,"16":1,"17":1,"18":1,"19":1,"20":1,"21":1,"22":1,"23":1,"24":1,"25":1,"26":1,"27":0,"28":0,"29":0,"30":0,"31":1,"32":7,"33":7,"34":1,"35":9,"36":13,"37":2,"38":2,"39":7,"40":1,"41":1,"42":6,"43":1,"44":0,"45":1,"46":0,"47":0,"48":0,"49":0,"50":1,"51":3,"52":3,"53":1,"54":2,"55":2,"56":1,"57":1,"58":1,"59":1,"60":1,"61":1,"62":5,"63":5,"64":2,"65":3,"66":3,"67":3,"68":0,"69":0,"70":0,"71":0,"72":0,"73":0,"74":0,"75":0,"76":0,"77":0,"78":0,"79":0,"80":0,"81":0,"82":0,"83":0,"84":3,"85":1,"86":4,"87":4,"88":1,"89":3,"90":3,"91":3,"92":0,"93":0,"94":0,"95":0,"96":0,"97":0,"98":3,"99":1,"100":0,"101":0,"102":0,"103":0,"104":0,"105":0,"106":0,"107":0,"108":0,"109":0,"110":0,"111":0,"112":0,"113":1,"114":0,"115":0,"116":0,"117":0,"118":0,"119":0,"120":0,"121":0,"122":0,"123":0,"124":0,"125":0,"126":0,"127":0,"128":1,"129":6,"130":6,"131":0,"132":0,"133":1,"134":1,"135":1,"136":0,"137":0,"138":0,"139":1},"f":{"0":0,"1":7,"2":9,"3":0,"4":0,"5":3,"6":2,"7":1,"8":5,"9":0,"10":4,"11":0,"12":0,"13":0,"14":6,"15":1,"16":0,"17":0},"b":{"0":[1,0],"1":[0,0],"2":[2,11],"3":[1,6],"4":[7,7],"5":[1,2],"6":[1,1],"7":[2,3],"8":[0,0],"9":[0,0],"10":[0,0],"11":[1,3],"12":[0,0],"13":[0,0],"14":[0,0],"15":[0,0],"16":[0,0],"17":[0,0]},"_coverageSchema":"1a1c01bbd47fc00a2c39e90264f33305004495a9","hash":"2fc9a6309f50c17fcdf3cbc0803aeb85f87dacf8"}
}
