TN:
SF:jest.config.js
FNF:0
FNH:0
DA:1,0
LF:1
LH:0
BRF:0
BRH:0
end_of_record
TN:
SF:server.js
FN:68,(anonymous_0)
FN:80,(anonymous_1)
FN:85,(anonymous_2)
FN:102,(anonymous_3)
FN:106,(anonymous_4)
FN:121,(anonymous_5)
FN:128,(anonymous_6)
FN:138,(anonymous_7)
FN:142,(anonymous_8)
FN:182,(anonymous_9)
FN:200,(anonymous_10)
FN:235,(anonymous_11)
FN:246,(anonymous_12)
FN:283,(anonymous_13)
FN:329,(anonymous_14)
FN:339,(anonymous_15)
FN:345,(anonymous_16)
FN:347,(anonymous_17)
FNF:18
FNH:9
FNDA:0,(anonymous_0)
FNDA:7,(anonymous_1)
FNDA:9,(anonymous_2)
FNDA:0,(anonymous_3)
FNDA:0,(anonymous_4)
FNDA:3,(anonymous_5)
FNDA:2,(anonymous_6)
FNDA:1,(anonymous_7)
FNDA:5,(anonymous_8)
FNDA:0,(anonymous_9)
FNDA:4,(anonymous_10)
FNDA:0,(anonymous_11)
FNDA:0,(anonymous_12)
FNDA:0,(anonymous_13)
FNDA:6,(anonymous_14)
FNDA:1,(anonymous_15)
FNDA:0,(anonymous_16)
FNDA:0,(anonymous_17)
DA:2,1
DA:3,1
DA:4,1
DA:5,1
DA:6,1
DA:7,1
DA:8,1
DA:9,1
DA:10,1
DA:11,1
DA:12,1
DA:13,1
DA:15,1
DA:16,1
DA:18,1
DA:20,1
DA:23,1
DA:29,1
DA:30,1
DA:31,1
DA:34,1
DA:39,1
DA:42,1
DA:49,1
DA:58,1
DA:61,1
DA:62,1
DA:70,0
DA:71,0
DA:72,0
DA:74,0
DA:80,1
DA:81,7
DA:82,7
DA:85,1
DA:86,9
DA:87,13
DA:88,2
DA:89,2
DA:93,7
DA:94,1
DA:95,1
DA:98,6
DA:102,1
DA:103,0
DA:106,1
DA:107,0
DA:108,0
DA:111,0
DA:117,0
DA:121,1
DA:122,3
DA:124,3
DA:125,1
DA:128,2
DA:129,2
DA:130,1
DA:132,1
DA:133,1
DA:138,1
DA:139,1
DA:142,1
DA:143,5
DA:144,5
DA:147,3
DA:150,3
DA:151,3
DA:153,0
DA:154,0
DA:158,0
DA:165,0
DA:168,0
DA:170,0
DA:171,0
DA:175,0
DA:182,0
DA:183,0
DA:184,0
DA:185,0
DA:186,0
DA:187,0
DA:190,0
DA:194,0
DA:196,3
DA:200,1
DA:201,4
DA:202,4
DA:204,3
DA:207,3
DA:208,3
DA:211,0
DA:212,0
DA:216,0
DA:219,0
DA:222,0
DA:229,0
DA:231,3
DA:235,1
DA:236,0
DA:238,0
DA:241,0
DA:242,0
DA:246,0
DA:247,0
DA:248,0
DA:255,0
DA:258,0
DA:266,0
DA:269,0
DA:275,0
DA:277,0
DA:283,1
DA:284,0
DA:286,0
DA:289,0
DA:290,0
DA:293,0
DA:294,0
DA:298,0
DA:299,0
DA:301,0
DA:305,0
DA:313,0
DA:316,0
DA:322,0
DA:324,0
DA:329,1
DA:330,6
DA:332,6
DA:333,0
DA:336,0
DA:339,1
DA:340,1
DA:345,1
DA:346,0
DA:347,0
DA:348,0
DA:353,1
LF:138
LH:75
BRDA:16,0,0,1
BRDA:16,0,1,0
BRDA:71,1,0,0
BRDA:71,1,1,0
BRDA:87,2,0,2
BRDA:87,2,1,11
BRDA:93,3,0,1
BRDA:93,3,1,6
BRDA:93,4,0,7
BRDA:93,4,1,7
BRDA:124,5,0,1
BRDA:124,5,1,2
BRDA:129,6,0,1
BRDA:129,6,1,1
BRDA:144,7,0,2
BRDA:144,7,1,3
BRDA:153,8,0,0
BRDA:153,8,1,0
BRDA:170,9,0,0
BRDA:170,9,1,0
BRDA:185,10,0,0
BRDA:185,10,1,0
BRDA:202,11,0,1
BRDA:202,11,1,3
BRDA:211,12,0,0
BRDA:211,12,1,0
BRDA:211,13,0,0
BRDA:211,13,1,0
BRDA:241,14,0,0
BRDA:241,14,1,0
BRDA:289,15,0,0
BRDA:289,15,1,0
BRDA:293,16,0,0
BRDA:293,16,1,0
BRDA:332,17,0,0
BRDA:332,17,1,0
BRF:36
BRH:15
end_of_record
